<?xml version="1.0" encoding="UTF-8"?>
<testng-results ignored="0" total="1" passed="1" failed="0" skipped="0">
  <reporter-output>
  </reporter-output>
  <suite started-at="2024-03-08T16:40:09 IST" name="Surefire suite" finished-at="2024-03-08T16:40:09 IST" duration-ms="129">
    <groups>
    </groups>
    <test started-at="2024-03-08T16:40:09 IST" name="Surefire test" finished-at="2024-03-08T16:40:09 IST" duration-ms="129">
      <class name="CucumberBDD.CucumberBDD.AppTest">
        <test-method signature="shouldAnswerWithTrue()" started-at="2024-03-08T16:40:09 IST" name="shouldAnswerWithTrue" finished-at="2024-03-08T16:40:09 IST" duration-ms="17" status="PASS">
          <reporter-output>
          </reporter-output>
        </test-method> <!-- shouldAnswerWithTrue -->
      </class> <!-- CucumberBDD.CucumberBDD.AppTest -->
    </test> <!-- Surefire test -->
  </suite> <!-- Surefire suite -->
</testng-results>
